Build started 2015-06-09 오후 5:35:17.
     1>Project "C:\Users\Jisun\Desktop\새 폴더\trunk\Graphic_Edit\Graphic_Edit.vcxproj" on node 2 (Build target(s)).
     1>ClCompile:
         C:\Program Files (x86)\Microsoft Visual Studio 12.0\VC\bin\CL.exe /c /ZI /nologo /W3 /WX- /Od /Oy- /D WIN32 /D _WINDOWS /D _DEBUG /D _UNICODE /D UNICODE /D _AFXDLL /Gm /EHsc /RTC1 /MDd /GS /fp:precise /Zc:wchar_t /Zc:forScope /Yu"stdafx.h" /Fp"Debug\Graphic_Edit.pch" /Fo"Debug\\" /Fd"Debug\vc120.pdb" /Gd /TP /analyze- /errorReport:prompt GroupInfo.cpp
         GroupInfo.cpp
       ResourceCompile:
         C:\Program Files (x86)\Windows Kits\8.1\bin\x86\rc.exe /D _DEBUG /D _UNICODE /D UNICODE /D _AFXDLL /l"0x0412" /IDebug\ /nologo /fo"Debug\Graphic_Edit.res" Graphic_Edit.rc 
       Link:
         C:\Program Files (x86)\Microsoft Visual Studio 12.0\VC\bin\link.exe /ERRORREPORT:PROMPT /OUT:"C:\Users\Jisun\Desktop\새 폴더\trunk\Debug\Graphic_Edit.exe" /INCREMENTAL /NOLOGO /MANIFEST /MANIFESTUAC:"level='asInvoker' uiAccess='false'" /manifest:embed /manifestinput:"C:\Program Files (x86)\Microsoft Visual Studio 12.0\VC\Include\Manifest\dpiaware.manifest" /DEBUG /PDB:"C:\Users\Jisun\Desktop\새 폴더\trunk\Debug\Graphic_Edit.pdb" /SUBSYSTEM:WINDOWS /TLBID:1 /ENTRY:"wWinMainCRTStartup" /DYNAMICBASE /NXCOMPAT /IMPLIB:"C:\Users\Jisun\Desktop\새 폴더\trunk\Debug\Graphic_Edit.lib" /MACHINE:X86 Debug\Graphic_Edit.res
         Debug\EllipseG.obj
         Debug\GObject.obj
         Debug\Graphic_Edit.obj
         Debug\Graphic_EditDoc.obj
         Debug\Graphic_EditView.obj
         Debug\Group.obj
         Debug\GroupInfo.obj
         Debug\LineG.obj
         Debug\MainFrm.obj
         Debug\PolylineG.obj
         Debug\RectangleG.obj
         Debug\stdafx.obj
         Debug\TextG.obj
         Graphic_Edit.vcxproj -> C:\Users\Jisun\Desktop\새 폴더\trunk\Debug\Graphic_Edit.exe
     1>Done Building Project "C:\Users\Jisun\Desktop\새 폴더\trunk\Graphic_Edit\Graphic_Edit.vcxproj" (Build target(s)).

Build succeeded.

Time Elapsed 00:00:07.55
